[INFO] Scanning for projects...
[INFO] ------------------------------------------------------------------------
[INFO] Building new
[INFO]    task-segment: [install]
[INFO] ------------------------------------------------------------------------
[INFO] [resources:resources {execution: default-resources}]
[INFO] Using 'UTF-8' encoding to copy filtered resources.
[INFO] Copying 1 resource
[INFO] Copying 2 resources
[INFO] [compiler:compile {execution: default-compile}]
[INFO] Nothing to compile - all classes are up to date
[INFO] [resources:testResources {execution: default-testResources}]
[INFO] Using 'UTF-8' encoding to copy filtered resources.
[INFO] Copying 0 resource
[INFO] [compiler:testCompile {execution: default-testCompile}]
[INFO] Nothing to compile - all classes are up to date
[INFO] [surefire:test {execution: default-test}]
[INFO] Surefire report directory: /home/berthold/workspace/twitter-geo/target/surefire-reports

-------------------------------------------------------
 T E S T S
-------------------------------------------------------
Running org.twitter.TwitterGeoServiceTest
17:03:35.101 [main] DEBUG o.s.t.c.j.SpringJUnit4ClassRunner - SpringJUnit4ClassRunner constructor called with [class org.twitter.TwitterGeoServiceTest].
17:03:35.157 [main] DEBUG o.s.test.context.BootstrapUtils - Instantiating TestContextBootstrapper from class [org.springframework.test.context.web.WebTestContextBootstrapper]
17:03:35.176 [main] DEBUG o.s.t.c.w.WebTestContextBootstrapper - Found explicit ContextLoader class [org.springframework.boot.test.SpringApplicationContextLoader] for context configuration attributes [ContextConfigurationAttributes@3fee9989 declaringClass = 'org.twitter.TwitterGeoServiceTest', classes = '{class org.simple.SimpleApplication, class org.twitter.TwitterGeoService}', locations = '{}', inheritLocations = true, initializers = '{}', inheritInitializers = true, name = [null], contextLoaderClass = 'org.springframework.boot.test.SpringApplicationContextLoader']
17:03:35.182 [main] DEBUG o.s.t.c.support.ActiveProfilesUtils - Could not find an 'annotation declaring class' for annotation type [org.springframework.test.context.ActiveProfiles] and class [org.twitter.TwitterGeoServiceTest]
17:03:35.189 [main] DEBUG o.s.t.c.w.WebTestContextBootstrapper - @TestExecutionListeners is not present for class [org.twitter.TwitterGeoServiceTest]: using defaults.
17:03:35.199 [main] INFO  o.s.t.c.w.WebTestContextBootstrapper - Loaded default TestExecutionListener class names from location [META-INF/spring.factories]: [org.springframework.test.context.web.ServletTestExecutionListener, org.springframework.test.context.support.DependencyInjectionTestExecutionListener, org.springframework.test.context.support.DirtiesContextTestExecutionListener, org.springframework.test.context.transaction.TransactionalTestExecutionListener, org.springframework.test.context.jdbc.SqlScriptsTestExecutionListener]
17:03:35.202 [main] INFO  o.s.t.c.w.WebTestContextBootstrapper - Could not instantiate TestExecutionListener [org.springframework.test.context.transaction.TransactionalTestExecutionListener]. Specify custom listener classes or make the default listener classes (and their required dependencies) available. Offending class: [org/springframework/transaction/TransactionDefinition]
17:03:35.203 [main] INFO  o.s.t.c.w.WebTestContextBootstrapper - Could not instantiate TestExecutionListener [org.springframework.test.context.jdbc.SqlScriptsTestExecutionListener]. Specify custom listener classes or make the default listener classes (and their required dependencies) available. Offending class: [org/springframework/transaction/interceptor/TransactionAttribute]
17:03:35.264 [main] INFO  o.s.t.c.w.WebTestContextBootstrapper - Using TestExecutionListeners: [org.springframework.test.context.web.ServletTestExecutionListener@79be0360, org.springframework.test.context.support.DependencyInjectionTestExecutionListener@22a67b4, org.springframework.test.context.support.DirtiesContextTestExecutionListener@57855c9a]
17:03:35.266 [main] DEBUG o.s.t.annotation.ProfileValueUtils - Retrieved @ProfileValueSourceConfiguration [null] for test class [org.twitter.TwitterGeoServiceTest]
17:03:35.267 [main] DEBUG o.s.t.annotation.ProfileValueUtils - Retrieved ProfileValueSource type [class org.springframework.test.annotation.SystemProfileValueSource] for class [org.twitter.TwitterGeoServiceTest]
17:03:35.267 [main] DEBUG o.s.t.annotation.ProfileValueUtils - Retrieved @ProfileValueSourceConfiguration [null] for test class [org.twitter.TwitterGeoServiceTest]
17:03:35.268 [main] DEBUG o.s.t.annotation.ProfileValueUtils - Retrieved ProfileValueSource type [class org.springframework.test.annotation.SystemProfileValueSource] for class [org.twitter.TwitterGeoServiceTest]
17:03:35.270 [main] DEBUG o.s.t.annotation.ProfileValueUtils - Retrieved @ProfileValueSourceConfiguration [null] for test class [org.twitter.TwitterGeoServiceTest]
17:03:35.270 [main] DEBUG o.s.t.annotation.ProfileValueUtils - Retrieved ProfileValueSource type [class org.springframework.test.annotation.SystemProfileValueSource] for class [org.twitter.TwitterGeoServiceTest]
17:03:35.385 [main] DEBUG o.s.core.env.StandardEnvironment - Adding [systemProperties] PropertySource with lowest search precedence
17:03:35.388 [main] DEBUG o.s.core.env.StandardEnvironment - Adding [systemEnvironment] PropertySource with lowest search precedence
17:03:35.388 [main] DEBUG o.s.core.env.StandardEnvironment - Initialized StandardEnvironment with PropertySources [systemProperties,systemEnvironment]
17:03:35.390 [main] DEBUG o.s.core.env.StandardEnvironment - Adding [integrationTest] PropertySource with search precedence immediately lower than [systemEnvironment]

  .   ____          _            __ _ _
 /\\ / ___'_ __ _ _(_)_ __  __ _ \ \ \ \
( ( )\___ | '_ | '_| | '_ \/ _` | \ \ \ \
 \\/  ___)| |_)| | | | | || (_| |  ) ) ) )
  '  |____| .__|_| |_|_| |_\__, | / / / /
 =========|_|==============|___/=/_/_/_/
 :: Spring Boot ::        (v1.2.5.RELEASE)

2015-09-24 17:03:35.791  INFO 11381 --- [           main] .b.l.ClasspathLoggingApplicationListener : Application failed to start with classpath: [file:/home/berthold/workspace/twitter-geo/target/surefire/surefirebooter5740099168900914360.jar]
2015-09-24 17:03:35.795 ERROR 11381 --- [           main] o.s.boot.SpringApplication               : Application startup failed

java.lang.IllegalStateException: Failed to add PropertySource to Environment
	at org.springframework.test.context.support.TestPropertySourceUtils.addPropertiesFilesToEnvironment(TestPropertySourceUtils.java:189)
	at org.springframework.boot.test.SpringApplicationContextLoader$PropertySourceLocationsInitializer.initialize(SpringApplicationContextLoader.java:294)
	at org.springframework.boot.SpringApplication.applyInitializers(SpringApplication.java:567)
	at org.springframework.boot.SpringApplication.run(SpringApplication.java:303)
	at org.springframework.boot.test.SpringApplicationContextLoader.loadContext(SpringApplicationContextLoader.java:103)
	at org.springframework.test.context.DefaultCacheAwareContextLoaderDelegate.loadContextInternal(DefaultCacheAwareContextLoaderDelegate.java:68)
	at org.springframework.test.context.DefaultCacheAwareContextLoaderDelegate.loadContext(DefaultCacheAwareContextLoaderDelegate.java:86)
	at org.springframework.test.context.DefaultTestContext.getApplicationContext(DefaultTestContext.java:72)
	at org.springframework.test.context.web.ServletTestExecutionListener.setUpRequestContextIfNecessary(ServletTestExecutionListener.java:170)
	at org.springframework.test.context.web.ServletTestExecutionListener.prepareTestInstance(ServletTestExecutionListener.java:110)
	at org.springframework.test.context.TestContextManager.prepareTestInstance(TestContextManager.java:212)
	at org.springframework.test.context.junit4.SpringJUnit4ClassRunner.createTest(SpringJUnit4ClassRunner.java:200)
	at org.springframework.test.context.junit4.SpringJUnit4ClassRunner$1.runReflectiveCall(SpringJUnit4ClassRunner.java:259)
	at org.junit.internal.runners.model.ReflectiveCallable.run(ReflectiveCallable.java:12)
	at org.springframework.test.context.junit4.SpringJUnit4ClassRunner.methodBlock(SpringJUnit4ClassRunner.java:261)
	at org.springframework.test.context.junit4.SpringJUnit4ClassRunner.runChild(SpringJUnit4ClassRunner.java:219)
	at org.springframework.test.context.junit4.SpringJUnit4ClassRunner.runChild(SpringJUnit4ClassRunner.java:83)
	at org.junit.runners.ParentRunner$3.run(ParentRunner.java:290)
	at org.junit.runners.ParentRunner$1.schedule(ParentRunner.java:71)
	at org.junit.runners.ParentRunner.runChildren(ParentRunner.java:288)
	at org.junit.runners.ParentRunner.access$000(ParentRunner.java:58)
	at org.junit.runners.ParentRunner$2.evaluate(ParentRunner.java:268)
	at org.springframework.test.context.junit4.statements.RunBeforeTestClassCallbacks.evaluate(RunBeforeTestClassCallbacks.java:61)
	at org.springframework.test.context.junit4.statements.RunAfterTestClassCallbacks.evaluate(RunAfterTestClassCallbacks.java:68)
	at org.junit.runners.ParentRunner.run(ParentRunner.java:363)
	at org.springframework.test.context.junit4.SpringJUnit4ClassRunner.run(SpringJUnit4ClassRunner.java:163)
	at org.apache.maven.surefire.junit4.JUnit4Provider.execute(JUnit4Provider.java:264)
	at org.apache.maven.surefire.junit4.JUnit4Provider.executeTestSet(JUnit4Provider.java:153)
	at org.apache.maven.surefire.junit4.JUnit4Provider.invoke(JUnit4Provider.java:124)
	at org.apache.maven.surefire.booter.ForkedBooter.invokeProviderInSameClassLoader(ForkedBooter.java:200)
	at org.apache.maven.surefire.booter.ForkedBooter.runSuitesInProcess(ForkedBooter.java:153)
	at org.apache.maven.surefire.booter.ForkedBooter.main(ForkedBooter.java:103)
Caused by: java.io.FileNotFoundException: class path resource [twitter.properties] cannot be opened because it does not exist
	at org.springframework.core.io.ClassPathResource.getInputStream(ClassPathResource.java:172)
	at org.springframework.core.io.support.EncodedResource.getInputStream(EncodedResource.java:151)
	at org.springframework.core.io.support.PropertiesLoaderUtils.fillProperties(PropertiesLoaderUtils.java:98)
	at org.springframework.core.io.support.PropertiesLoaderUtils.fillProperties(PropertiesLoaderUtils.java:72)
	at org.springframework.core.io.support.PropertiesLoaderUtils.loadProperties(PropertiesLoaderUtils.java:58)
	at org.springframework.core.io.support.ResourcePropertySource.<init>(ResourcePropertySource.java:83)
	at org.springframework.test.context.support.TestPropertySourceUtils.addPropertiesFilesToEnvironment(TestPropertySourceUtils.java:185)
	... 31 common frames omitted

2015-09-24 17:03:35.797 ERROR 11381 --- [           main] o.s.test.context.TestContextManager      : Caught exception while allowing TestExecutionListener [org.springframework.test.context.web.ServletTestExecutionListener@79be0360] to prepare test instance [org.twitter.TwitterGeoServiceTest@9353778]

java.lang.IllegalStateException: Failed to load ApplicationContext
	at org.springframework.test.context.DefaultCacheAwareContextLoaderDelegate.loadContext(DefaultCacheAwareContextLoaderDelegate.java:94)
	at org.springframework.test.context.DefaultTestContext.getApplicationContext(DefaultTestContext.java:72)
	at org.springframework.test.context.web.ServletTestExecutionListener.setUpRequestContextIfNecessary(ServletTestExecutionListener.java:170)
	at org.springframework.test.context.web.ServletTestExecutionListener.prepareTestInstance(ServletTestExecutionListener.java:110)
	at org.springframework.test.context.TestContextManager.prepareTestInstance(TestContextManager.java:212)
	at org.springframework.test.context.junit4.SpringJUnit4ClassRunner.createTest(SpringJUnit4ClassRunner.java:200)
	at org.springframework.test.context.junit4.SpringJUnit4ClassRunner$1.runReflectiveCall(SpringJUnit4ClassRunner.java:259)
	at org.junit.internal.runners.model.ReflectiveCallable.run(ReflectiveCallable.java:12)
	at org.springframework.test.context.junit4.SpringJUnit4ClassRunner.methodBlock(SpringJUnit4ClassRunner.java:261)
	at org.springframework.test.context.junit4.SpringJUnit4ClassRunner.runChild(SpringJUnit4ClassRunner.java:219)
	at org.springframework.test.context.junit4.SpringJUnit4ClassRunner.runChild(SpringJUnit4ClassRunner.java:83)
	at org.junit.runners.ParentRunner$3.run(ParentRunner.java:290)
	at org.junit.runners.ParentRunner$1.schedule(ParentRunner.java:71)
	at org.junit.runners.ParentRunner.runChildren(ParentRunner.java:288)
	at org.junit.runners.ParentRunner.access$000(ParentRunner.java:58)
	at org.junit.runners.ParentRunner$2.evaluate(ParentRunner.java:268)
	at org.springframework.test.context.junit4.statements.RunBeforeTestClassCallbacks.evaluate(RunBeforeTestClassCallbacks.java:61)
	at org.springframework.test.context.junit4.statements.RunAfterTestClassCallbacks.evaluate(RunAfterTestClassCallbacks.java:68)
	at org.junit.runners.ParentRunner.run(ParentRunner.java:363)
	at org.springframework.test.context.junit4.SpringJUnit4ClassRunner.run(SpringJUnit4ClassRunner.java:163)
	at org.apache.maven.surefire.junit4.JUnit4Provider.execute(JUnit4Provider.java:264)
	at org.apache.maven.surefire.junit4.JUnit4Provider.executeTestSet(JUnit4Provider.java:153)
	at org.apache.maven.surefire.junit4.JUnit4Provider.invoke(JUnit4Provider.java:124)
	at org.apache.maven.surefire.booter.ForkedBooter.invokeProviderInSameClassLoader(ForkedBooter.java:200)
	at org.apache.maven.surefire.booter.ForkedBooter.runSuitesInProcess(ForkedBooter.java:153)
	at org.apache.maven.surefire.booter.ForkedBooter.main(ForkedBooter.java:103)
Caused by: java.lang.IllegalStateException: Failed to add PropertySource to Environment
	at org.springframework.test.context.support.TestPropertySourceUtils.addPropertiesFilesToEnvironment(TestPropertySourceUtils.java:189)
	at org.springframework.boot.test.SpringApplicationContextLoader$PropertySourceLocationsInitializer.initialize(SpringApplicationContextLoader.java:294)
	at org.springframework.boot.SpringApplication.applyInitializers(SpringApplication.java:567)
	at org.springframework.boot.SpringApplication.run(SpringApplication.java:303)
	at org.springframework.boot.test.SpringApplicationContextLoader.loadContext(SpringApplicationContextLoader.java:103)
	at org.springframework.test.context.DefaultCacheAwareContextLoaderDelegate.loadContextInternal(DefaultCacheAwareContextLoaderDelegate.java:68)
	at org.springframework.test.context.DefaultCacheAwareContextLoaderDelegate.loadContext(DefaultCacheAwareContextLoaderDelegate.java:86)
	... 25 common frames omitted
Caused by: java.io.FileNotFoundException: class path resource [twitter.properties] cannot be opened because it does not exist
	at org.springframework.core.io.ClassPathResource.getInputStream(ClassPathResource.java:172)
	at org.springframework.core.io.support.EncodedResource.getInputStream(EncodedResource.java:151)
	at org.springframework.core.io.support.PropertiesLoaderUtils.fillProperties(PropertiesLoaderUtils.java:98)
	at org.springframework.core.io.support.PropertiesLoaderUtils.fillProperties(PropertiesLoaderUtils.java:72)
	at org.springframework.core.io.support.PropertiesLoaderUtils.loadProperties(PropertiesLoaderUtils.java:58)
	at org.springframework.core.io.support.ResourcePropertySource.<init>(ResourcePropertySource.java:83)
	at org.springframework.test.context.support.TestPropertySourceUtils.addPropertiesFilesToEnvironment(TestPropertySourceUtils.java:185)
	... 31 common frames omitted

Tests run: 1, Failures: 0, Errors: 1, Skipped: 0, Time elapsed: 1.024 sec <<< FAILURE! - in org.twitter.TwitterGeoServiceTest
test(org.twitter.TwitterGeoServiceTest)  Time elapsed: 0.008 sec  <<< ERROR!
java.lang.IllegalStateException: Failed to load ApplicationContext
	at org.springframework.test.context.DefaultCacheAwareContextLoaderDelegate.loadContext(DefaultCacheAwareContextLoaderDelegate.java:94)
	at org.springframework.test.context.DefaultTestContext.getApplicationContext(DefaultTestContext.java:72)
	at org.springframework.test.context.web.ServletTestExecutionListener.setUpRequestContextIfNecessary(ServletTestExecutionListener.java:170)
	at org.springframework.test.context.web.ServletTestExecutionListener.prepareTestInstance(ServletTestExecutionListener.java:110)
	at org.springframework.test.context.TestContextManager.prepareTestInstance(TestContextManager.java:212)
	at org.springframework.test.context.junit4.SpringJUnit4ClassRunner.createTest(SpringJUnit4ClassRunner.java:200)
	at org.springframework.test.context.junit4.SpringJUnit4ClassRunner$1.runReflectiveCall(SpringJUnit4ClassRunner.java:259)
	at org.junit.internal.runners.model.ReflectiveCallable.run(ReflectiveCallable.java:12)
	at org.springframework.test.context.junit4.SpringJUnit4ClassRunner.methodBlock(SpringJUnit4ClassRunner.java:261)
	at org.springframework.test.context.junit4.SpringJUnit4ClassRunner.runChild(SpringJUnit4ClassRunner.java:219)
	at org.springframework.test.context.junit4.SpringJUnit4ClassRunner.runChild(SpringJUnit4ClassRunner.java:83)
	at org.junit.runners.ParentRunner$3.run(ParentRunner.java:290)
	at org.junit.runners.ParentRunner$1.schedule(ParentRunner.java:71)
	at org.junit.runners.ParentRunner.runChildren(ParentRunner.java:288)
	at org.junit.runners.ParentRunner.access$000(ParentRunner.java:58)
	at org.junit.runners.ParentRunner$2.evaluate(ParentRunner.java:268)
	at org.springframework.test.context.junit4.statements.RunBeforeTestClassCallbacks.evaluate(RunBeforeTestClassCallbacks.java:61)
	at org.springframework.test.context.junit4.statements.RunAfterTestClassCallbacks.evaluate(RunAfterTestClassCallbacks.java:68)
	at org.junit.runners.ParentRunner.run(ParentRunner.java:363)
	at org.springframework.test.context.junit4.SpringJUnit4ClassRunner.run(SpringJUnit4ClassRunner.java:163)
	at org.apache.maven.surefire.junit4.JUnit4Provider.execute(JUnit4Provider.java:264)
	at org.apache.maven.surefire.junit4.JUnit4Provider.executeTestSet(JUnit4Provider.java:153)
	at org.apache.maven.surefire.junit4.JUnit4Provider.invoke(JUnit4Provider.java:124)
	at org.apache.maven.surefire.booter.ForkedBooter.invokeProviderInSameClassLoader(ForkedBooter.java:200)
	at org.apache.maven.surefire.booter.ForkedBooter.runSuitesInProcess(ForkedBooter.java:153)
	at org.apache.maven.surefire.booter.ForkedBooter.main(ForkedBooter.java:103)
Caused by: java.lang.IllegalStateException: Failed to add PropertySource to Environment
	at org.springframework.test.context.support.TestPropertySourceUtils.addPropertiesFilesToEnvironment(TestPropertySourceUtils.java:189)
	at org.springframework.boot.test.SpringApplicationContextLoader$PropertySourceLocationsInitializer.initialize(SpringApplicationContextLoader.java:294)
	at org.springframework.boot.SpringApplication.applyInitializers(SpringApplication.java:567)
	at org.springframework.boot.SpringApplication.run(SpringApplication.java:303)
	at org.springframework.boot.test.SpringApplicationContextLoader.loadContext(SpringApplicationContextLoader.java:103)
	at org.springframework.test.context.DefaultCacheAwareContextLoaderDelegate.loadContextInternal(DefaultCacheAwareContextLoaderDelegate.java:68)
	at org.springframework.test.context.DefaultCacheAwareContextLoaderDelegate.loadContext(DefaultCacheAwareContextLoaderDelegate.java:86)
	at org.springframework.test.context.DefaultTestContext.getApplicationContext(DefaultTestContext.java:72)
	at org.springframework.test.context.web.ServletTestExecutionListener.setUpRequestContextIfNecessary(ServletTestExecutionListener.java:170)
	at org.springframework.test.context.web.ServletTestExecutionListener.prepareTestInstance(ServletTestExecutionListener.java:110)
	at org.springframework.test.context.TestContextManager.prepareTestInstance(TestContextManager.java:212)
	at org.springframework.test.context.junit4.SpringJUnit4ClassRunner.createTest(SpringJUnit4ClassRunner.java:200)
	at org.springframework.test.context.junit4.SpringJUnit4ClassRunner$1.runReflectiveCall(SpringJUnit4ClassRunner.java:259)
	at org.junit.internal.runners.model.ReflectiveCallable.run(ReflectiveCallable.java:12)
	at org.springframework.test.context.junit4.SpringJUnit4ClassRunner.methodBlock(SpringJUnit4ClassRunner.java:261)
	at org.springframework.test.context.junit4.SpringJUnit4ClassRunner.runChild(SpringJUnit4ClassRunner.java:219)
	at org.springframework.test.context.junit4.SpringJUnit4ClassRunner.runChild(SpringJUnit4ClassRunner.java:83)
	at org.junit.runners.ParentRunner$3.run(ParentRunner.java:290)
	at org.junit.runners.ParentRunner$1.schedule(ParentRunner.java:71)
	at org.junit.runners.ParentRunner.runChildren(ParentRunner.java:288)
	at org.junit.runners.ParentRunner.access$000(ParentRunner.java:58)
	at org.junit.runners.ParentRunner$2.evaluate(ParentRunner.java:268)
	at org.springframework.test.context.junit4.statements.RunBeforeTestClassCallbacks.evaluate(RunBeforeTestClassCallbacks.java:61)
	at org.springframework.test.context.junit4.statements.RunAfterTestClassCallbacks.evaluate(RunAfterTestClassCallbacks.java:68)
	at org.junit.runners.ParentRunner.run(ParentRunner.java:363)
	at org.springframework.test.context.junit4.SpringJUnit4ClassRunner.run(SpringJUnit4ClassRunner.java:163)
	at org.apache.maven.surefire.junit4.JUnit4Provider.execute(JUnit4Provider.java:264)
	at org.apache.maven.surefire.junit4.JUnit4Provider.executeTestSet(JUnit4Provider.java:153)
	at org.apache.maven.surefire.junit4.JUnit4Provider.invoke(JUnit4Provider.java:124)
	at org.apache.maven.surefire.booter.ForkedBooter.invokeProviderInSameClassLoader(ForkedBooter.java:200)
	at org.apache.maven.surefire.booter.ForkedBooter.runSuitesInProcess(ForkedBooter.java:153)
	at org.apache.maven.surefire.booter.ForkedBooter.main(ForkedBooter.java:103)
Caused by: java.io.FileNotFoundException: class path resource [twitter.properties] cannot be opened because it does not exist
	at org.springframework.core.io.ClassPathResource.getInputStream(ClassPathResource.java:172)
	at org.springframework.core.io.support.EncodedResource.getInputStream(EncodedResource.java:151)
	at org.springframework.core.io.support.PropertiesLoaderUtils.fillProperties(PropertiesLoaderUtils.java:98)
	at org.springframework.core.io.support.PropertiesLoaderUtils.fillProperties(PropertiesLoaderUtils.java:72)
	at org.springframework.core.io.support.PropertiesLoaderUtils.loadProperties(PropertiesLoaderUtils.java:58)
	at org.springframework.core.io.support.ResourcePropertySource.<init>(ResourcePropertySource.java:83)
	at org.springframework.test.context.support.TestPropertySourceUtils.addPropertiesFilesToEnvironment(TestPropertySourceUtils.java:185)
	at org.springframework.boot.test.SpringApplicationContextLoader$PropertySourceLocationsInitializer.initialize(SpringApplicationContextLoader.java:294)
	at org.springframework.boot.SpringApplication.applyInitializers(SpringApplication.java:567)
	at org.springframework.boot.SpringApplication.run(SpringApplication.java:303)
	at org.springframework.boot.test.SpringApplicationContextLoader.loadContext(SpringApplicationContextLoader.java:103)
	at org.springframework.test.context.DefaultCacheAwareContextLoaderDelegate.loadContextInternal(DefaultCacheAwareContextLoaderDelegate.java:68)
	at org.springframework.test.context.DefaultCacheAwareContextLoaderDelegate.loadContext(DefaultCacheAwareContextLoaderDelegate.java:86)
	at org.springframework.test.context.DefaultTestContext.getApplicationContext(DefaultTestContext.java:72)
	at org.springframework.test.context.web.ServletTestExecutionListener.setUpRequestContextIfNecessary(ServletTestExecutionListener.java:170)
	at org.springframework.test.context.web.ServletTestExecutionListener.prepareTestInstance(ServletTestExecutionListener.java:110)
	at org.springframework.test.context.TestContextManager.prepareTestInstance(TestContextManager.java:212)
	at org.springframework.test.context.junit4.SpringJUnit4ClassRunner.createTest(SpringJUnit4ClassRunner.java:200)
	at org.springframework.test.context.junit4.SpringJUnit4ClassRunner$1.runReflectiveCall(SpringJUnit4ClassRunner.java:259)
	at org.junit.internal.runners.model.ReflectiveCallable.run(ReflectiveCallable.java:12)
	at org.springframework.test.context.junit4.SpringJUnit4ClassRunner.methodBlock(SpringJUnit4ClassRunner.java:261)
	at org.springframework.test.context.junit4.SpringJUnit4ClassRunner.runChild(SpringJUnit4ClassRunner.java:219)
	at org.springframework.test.context.junit4.SpringJUnit4ClassRunner.runChild(SpringJUnit4ClassRunner.java:83)
	at org.junit.runners.ParentRunner$3.run(ParentRunner.java:290)
	at org.junit.runners.ParentRunner$1.schedule(ParentRunner.java:71)
	at org.junit.runners.ParentRunner.runChildren(ParentRunner.java:288)
	at org.junit.runners.ParentRunner.access$000(ParentRunner.java:58)
	at org.junit.runners.ParentRunner$2.evaluate(ParentRunner.java:268)
	at org.springframework.test.context.junit4.statements.RunBeforeTestClassCallbacks.evaluate(RunBeforeTestClassCallbacks.java:61)
	at org.springframework.test.context.junit4.statements.RunAfterTestClassCallbacks.evaluate(RunAfterTestClassCallbacks.java:68)
	at org.junit.runners.ParentRunner.run(ParentRunner.java:363)
	at org.springframework.test.context.junit4.SpringJUnit4ClassRunner.run(SpringJUnit4ClassRunner.java:163)
	at org.apache.maven.surefire.junit4.JUnit4Provider.execute(JUnit4Provider.java:264)
	at org.apache.maven.surefire.junit4.JUnit4Provider.executeTestSet(JUnit4Provider.java:153)
	at org.apache.maven.surefire.junit4.JUnit4Provider.invoke(JUnit4Provider.java:124)
	at org.apache.maven.surefire.booter.ForkedBooter.invokeProviderInSameClassLoader(ForkedBooter.java:200)
	at org.apache.maven.surefire.booter.ForkedBooter.runSuitesInProcess(ForkedBooter.java:153)
	at org.apache.maven.surefire.booter.ForkedBooter.main(ForkedBooter.java:103)

Running org.simple.SimpleApplicationTests
2015-09-24 17:03:35.808  INFO 11381 --- [           main] o.s.t.c.web.WebTestContextBootstrapper   : Loaded default TestExecutionListener class names from location [META-INF/spring.factories]: [org.springframework.test.context.web.ServletTestExecutionListener, org.springframework.test.context.support.DependencyInjectionTestExecutionListener, org.springframework.test.context.support.DirtiesContextTestExecutionListener, org.springframework.test.context.transaction.TransactionalTestExecutionListener, org.springframework.test.context.jdbc.SqlScriptsTestExecutionListener]
2015-09-24 17:03:35.809  INFO 11381 --- [           main] o.s.t.c.web.WebTestContextBootstrapper   : Could not instantiate TestExecutionListener [org.springframework.test.context.transaction.TransactionalTestExecutionListener]. Specify custom listener classes or make the default listener classes (and their required dependencies) available. Offending class: [org/springframework/transaction/TransactionDefinition]
2015-09-24 17:03:35.810  INFO 11381 --- [           main] o.s.t.c.web.WebTestContextBootstrapper   : Could not instantiate TestExecutionListener [org.springframework.test.context.jdbc.SqlScriptsTestExecutionListener]. Specify custom listener classes or make the default listener classes (and their required dependencies) available. Offending class: [org/springframework/transaction/interceptor/TransactionAttribute]
2015-09-24 17:03:35.810  INFO 11381 --- [           main] o.s.t.c.web.WebTestContextBootstrapper   : Using TestExecutionListeners: [org.springframework.test.context.web.ServletTestExecutionListener@2145b572, org.springframework.test.context.support.DependencyInjectionTestExecutionListener@39529185, org.springframework.test.context.support.DirtiesContextTestExecutionListener@72f926e6]

  .   ____          _            __ _ _
 /\\ / ___'_ __ _ _(_)_ __  __ _ \ \ \ \
( ( )\___ | '_ | '_| | '_ \/ _` | \ \ \ \
 \\/  ___)| |_)| | | | | || (_| |  ) ) ) )
  '  |____| .__|_| |_|_| |_\__, | / / / /
 =========|_|==============|___/=/_/_/_/
 :: Spring Boot ::        (v1.2.5.RELEASE)

2015-09-24 17:03:35.891  INFO 11381 --- [           main] org.simple.SimpleApplicationTests        : Starting SimpleApplicationTests on bschulteVB with PID 11381 (/home/berthold/workspace/twitter-geo/target/test-classes started by berthold in /home/berthold/workspace/twitter-geo)
2015-09-24 17:03:36.013  INFO 11381 --- [           main] o.s.w.c.s.GenericWebApplicationContext   : Refreshing org.springframework.web.context.support.GenericWebApplicationContext@7334aada: startup date [Thu Sep 24 17:03:36 CEST 2015]; root of context hierarchy
2015-09-24 17:03:36.753  INFO 11381 --- [           main] o.s.b.f.s.DefaultListableBeanFactory     : Overriding bean definition for bean 'beanNameViewResolver': replacing [Root bean: class [null]; scope=; abstract=false; lazyInit=false; autowireMode=3; dependencyCheck=0; autowireCandidate=true; primary=false; factoryBeanName=org.springframework.boot.autoconfigure.web.ErrorMvcAutoConfiguration$WhitelabelErrorViewConfiguration; factoryMethodName=beanNameViewResolver; initMethodName=null; destroyMethodName=(inferred); defined in class path resource [org/springframework/boot/autoconfigure/web/ErrorMvcAutoConfiguration$WhitelabelErrorViewConfiguration.class]] with [Root bean: class [null]; scope=; abstract=false; lazyInit=false; autowireMode=3; dependencyCheck=0; autowireCandidate=true; primary=false; factoryBeanName=org.springframework.boot.autoconfigure.web.WebMvcAutoConfiguration$WebMvcAutoConfigurationAdapter; factoryMethodName=beanNameViewResolver; initMethodName=null; destroyMethodName=(inferred); defined in class path resource [org/springframework/boot/autoconfigure/web/WebMvcAutoConfiguration$WebMvcAutoConfigurationAdapter.class]]
2015-09-24 17:03:37.070  INFO 11381 --- [           main] f.a.AutowiredAnnotationBeanPostProcessor : JSR-330 'javax.inject.Inject' annotation found and supported for autowiring
2015-09-24 17:03:38.808  INFO 11381 --- [           main] s.w.s.m.m.a.RequestMappingHandlerAdapter : Looking for @ControllerAdvice: org.springframework.web.context.support.GenericWebApplicationContext@7334aada: startup date [Thu Sep 24 17:03:36 CEST 2015]; root of context hierarchy
2015-09-24 17:03:38.905  INFO 11381 --- [           main] s.w.s.m.m.a.RequestMappingHandlerMapping : Mapped "{[/check]}" onto public java.lang.String org.simple.SimpleRestController.healthy()
2015-09-24 17:03:38.906  INFO 11381 --- [           main] s.w.s.m.m.a.RequestMappingHandlerMapping : Mapped "{[/greet]}" onto public java.lang.String org.simple.SimpleController.greet(java.lang.String,org.springframework.ui.Model)
2015-09-24 17:03:38.907  INFO 11381 --- [           main] s.w.s.m.m.a.RequestMappingHandlerMapping : Mapped "{[/error],produces=[text/html]}" onto public org.springframework.web.servlet.ModelAndView org.springframework.boot.autoconfigure.web.BasicErrorController.errorHtml(javax.servlet.http.HttpServletRequest)
2015-09-24 17:03:38.911  INFO 11381 --- [           main] s.w.s.m.m.a.RequestMappingHandlerMapping : Mapped "{[/error]}" onto public org.springframework.http.ResponseEntity<java.util.Map<java.lang.String, java.lang.Object>> org.springframework.boot.autoconfigure.web.BasicErrorController.error(javax.servlet.http.HttpServletRequest)
2015-09-24 17:03:38.935  INFO 11381 --- [           main] o.s.w.s.handler.SimpleUrlHandlerMapping  : Mapped URL path [/webjars/**] onto handler of type [class org.springframework.web.servlet.resource.ResourceHttpRequestHandler]
2015-09-24 17:03:38.935  INFO 11381 --- [           main] o.s.w.s.handler.SimpleUrlHandlerMapping  : Mapped URL path [/**] onto handler of type [class org.springframework.web.servlet.resource.ResourceHttpRequestHandler]
2015-09-24 17:03:39.039  INFO 11381 --- [           main] o.s.w.s.handler.SimpleUrlHandlerMapping  : Mapped URL path [/**/favicon.ico] onto handler of type [class org.springframework.web.servlet.resource.ResourceHttpRequestHandler]
2015-09-24 17:03:39.333  INFO 11381 --- [           main] org.simple.SimpleApplicationTests        : Started SimpleApplicationTests in 3.516 seconds (JVM running for 4.966)
Tests run: 1, Failures: 0, Errors: 1, Skipped: 0, Time elapsed: 3.459 sec <<< FAILURE! - in org.simple.SimpleApplicationTests
test(org.simple.SimpleApplicationTests)  Time elapsed: 0.047 sec  <<< ERROR!
org.springframework.web.client.ResourceAccessException: I/O error on GET request for "http://localhost:8080/check":Connection refused; nested exception is java.net.ConnectException: Connection refused
	at java.net.PlainSocketImpl.socketConnect(Native Method)
	at java.net.AbstractPlainSocketImpl.doConnect(AbstractPlainSocketImpl.java:350)
	at java.net.AbstractPlainSocketImpl.connectToAddress(AbstractPlainSocketImpl.java:206)
	at java.net.AbstractPlainSocketImpl.connect(AbstractPlainSocketImpl.java:188)
	at java.net.SocksSocketImpl.connect(SocksSocketImpl.java:392)
	at java.net.Socket.connect(Socket.java:589)
	at java.net.Socket.connect(Socket.java:538)
	at sun.net.NetworkClient.doConnect(NetworkClient.java:180)
	at sun.net.www.http.HttpClient.openServer(HttpClient.java:432)
	at sun.net.www.http.HttpClient.openServer(HttpClient.java:527)
	at sun.net.www.http.HttpClient.<init>(HttpClient.java:211)
	at sun.net.www.http.HttpClient.New(HttpClient.java:308)
	at sun.net.www.http.HttpClient.New(HttpClient.java:326)
	at sun.net.www.protocol.http.HttpURLConnection.getNewHttpClient(HttpURLConnection.java:1168)
	at sun.net.www.protocol.http.HttpURLConnection.plainConnect0(HttpURLConnection.java:1104)
	at sun.net.www.protocol.http.HttpURLConnection.plainConnect(HttpURLConnection.java:998)
	at sun.net.www.protocol.http.HttpURLConnection.connect(HttpURLConnection.java:932)
	at org.springframework.http.client.SimpleBufferingClientHttpRequest.executeInternal(SimpleBufferingClientHttpRequest.java:81)
	at org.springframework.http.client.AbstractBufferingClientHttpRequest.executeInternal(AbstractBufferingClientHttpRequest.java:48)
	at org.springframework.http.client.AbstractClientHttpRequest.execute(AbstractClientHttpRequest.java:53)
	at org.springframework.web.client.RestTemplate.doExecute(RestTemplate.java:569)
	at org.springframework.web.client.RestTemplate.execute(RestTemplate.java:530)
	at org.springframework.web.client.RestTemplate.getForObject(RestTemplate.java:237)
	at org.simple.SimpleApplicationTests.test(SimpleApplicationTests.java:20)

Running org.simple.twitter.TwitterGeoServiceTest
2015-09-24 17:03:39.501  INFO 11381 --- [           main] o.s.t.c.web.WebTestContextBootstrapper   : Loaded default TestExecutionListener class names from location [META-INF/spring.factories]: [org.springframework.test.context.web.ServletTestExecutionListener, org.springframework.test.context.support.DependencyInjectionTestExecutionListener, org.springframework.test.context.support.DirtiesContextTestExecutionListener, org.springframework.test.context.transaction.TransactionalTestExecutionListener, org.springframework.test.context.jdbc.SqlScriptsTestExecutionListener]
2015-09-24 17:03:39.502  INFO 11381 --- [           main] o.s.t.c.web.WebTestContextBootstrapper   : Could not instantiate TestExecutionListener [org.springframework.test.context.transaction.TransactionalTestExecutionListener]. Specify custom listener classes or make the default listener classes (and their required dependencies) available. Offending class: [org/springframework/transaction/TransactionDefinition]
2015-09-24 17:03:39.503  INFO 11381 --- [           main] o.s.t.c.web.WebTestContextBootstrapper   : Could not instantiate TestExecutionListener [org.springframework.test.context.jdbc.SqlScriptsTestExecutionListener]. Specify custom listener classes or make the default listener classes (and their required dependencies) available. Offending class: [org/springframework/transaction/interceptor/TransactionAttribute]
2015-09-24 17:03:39.503  INFO 11381 --- [           main] o.s.t.c.web.WebTestContextBootstrapper   : Using TestExecutionListeners: [org.springframework.test.context.web.ServletTestExecutionListener@6fe46b62, org.springframework.test.context.support.DependencyInjectionTestExecutionListener@591fd34d, org.springframework.test.context.support.DirtiesContextTestExecutionListener@61e45f87]
Tests run: 1, Failures: 0, Errors: 1, Skipped: 0, Time elapsed: 0.001 sec <<< FAILURE! - in org.simple.twitter.TwitterGeoServiceTest
test(org.simple.twitter.TwitterGeoServiceTest)  Time elapsed: 0 sec  <<< ERROR!
java.lang.NullPointerException: null
	at org.simple.twitter.TwitterGeoService.readGeo(TwitterGeoService.java:27)
	at org.simple.twitter.TwitterGeoServiceTest.test(TwitterGeoServiceTest.java:22)

2015-09-24 17:03:39.512  INFO 11381 --- [       Thread-2] o.s.w.c.s.GenericWebApplicationContext   : Closing org.springframework.web.context.support.GenericWebApplicationContext@7334aada: startup date [Thu Sep 24 17:03:36 CEST 2015]; root of context hierarchy

Results :

Tests in error: 
  TwitterGeoServiceTest.test » IllegalState Failed to load ApplicationContext
  SimpleApplicationTests.test:20 » ResourceAccess I/O error on GET request for "...
  TwitterGeoServiceTest.test:22 » NullPointer

Tests run: 3, Failures: 0, Errors: 3, Skipped: 0

[INFO] ------------------------------------------------------------------------
[ERROR] BUILD FAILURE
[INFO] ------------------------------------------------------------------------
[INFO] There are test failures.

Please refer to /home/berthold/workspace/twitter-geo/target/surefire-reports for the individual test results.
[INFO] ------------------------------------------------------------------------
[INFO] For more information, run Maven with the -e switch
[INFO] ------------------------------------------------------------------------
[INFO] Total time: 8 seconds
[INFO] Finished at: Thu Sep 24 17:03:39 CEST 2015
[INFO] Final Memory: 26M/355M
[INFO] ------------------------------------------------------------------------
